log started: Tue Aug 15 11:15:28 2017

Log file: ./leap.log
>> #
>> # ----- leaprc for loading the ff14SB force field
>> # ----- NOTE: this is designed for PDB format 3!
>> #
>> #	load atom type hybridizations
>> #
>> addAtomTypes {
>> 	{ "H"   "H" "sp3" }
>> 	{ "HO"  "H" "sp3" }
>> 	{ "HS"  "H" "sp3" }
>> 	{ "H1"  "H" "sp3" }
>> 	{ "H2"  "H" "sp3" }
>> 	{ "H3"  "H" "sp3" }
>> 	{ "H4"  "H" "sp3" }
>> 	{ "H5"  "H" "sp3" }
>> 	{ "HW"  "H" "sp3" }
>> 	{ "HC"  "H" "sp3" }
>> 	{ "HA"  "H" "sp3" }
>> 	{ "HP"  "H" "sp3" }
>> 	{ "HZ"  "H" "sp3" }
>> 	{ "OH"  "O" "sp3" }
>> 	{ "OS"  "O" "sp3" }
>> 	{ "O"   "O" "sp2" }
>> 	{ "O2"  "O" "sp2" }
>> 	{ "OP"  "O" "sp2" }
>> 	{ "OW"  "O" "sp3" }
>> 	{ "CT"  "C" "sp3" }
>> 	{ "CX"  "C" "sp3" }
>> 	{ "C8"  "C" "sp3" }
>> 	{ "2C"  "C" "sp3" }
>> 	{ "3C"  "C" "sp3" }
>> 	{ "CH"  "C" "sp3" }
>> 	{ "CS"  "C" "sp2" }
>> 	{ "C"   "C" "sp2" }
>> 	{ "CO"   "C" "sp2" }
>> 	{ "C*"  "C" "sp2" }
>> 	{ "CA"  "C" "sp2" }
>> 	{ "CB"  "C" "sp2" }
>> 	{ "CC"  "C" "sp2" }
>> 	{ "CN"  "C" "sp2" }
>> 	{ "CM"  "C" "sp2" }
>> 	{ "CK"  "C" "sp2" }
>> 	{ "CQ"  "C" "sp2" }
>> 	{ "CD"  "C" "sp2" }
>> 	{ "C5"  "C" "sp2" }
>> 	{ "C4"  "C" "sp2" }
>> 	{ "CP"  "C" "sp2" }
>> 	{ "CI"  "C" "sp3" }
>> 	{ "CJ"  "C" "sp2" }
>> 	{ "CW"  "C" "sp2" }
>> 	{ "CV"  "C" "sp2" }
>> 	{ "CR"  "C" "sp2" }
>> 	{ "CA"  "C" "sp2" }
>> 	{ "CY"  "C" "sp2" }
>> 	{ "C0"  "Ca" "sp3" }
>> 	{ "MG"  "Mg" "sp3" }
>> 	{ "N"   "N" "sp2" }
>> 	{ "NA"  "N" "sp2" }
>> 	{ "N2"  "N" "sp2" }
>> 	{ "N*"  "N" "sp2" }
>> 	{ "NP"  "N" "sp2" }
>> 	{ "NQ"  "N" "sp2" }
>> 	{ "NB"  "N" "sp2" }
>> 	{ "NC"  "N" "sp2" }
>> 	{ "NT"  "N" "sp3" }
>> 	{ "NY"  "N" "sp2" }
>> 	{ "N3"  "N" "sp3" }
>> 	{ "S"   "S" "sp3" }
>> 	{ "SH"  "S" "sp3" }
>> 	{ "P"   "P" "sp3" }
>> 	{ "LP"  ""  "sp3" }
>> 	{ "EP"  ""  "sp3" }
>> 	{ "F"   "F" "sp3" }
>> 	{ "Cl"  "Cl" "sp3" }
>> 	{ "Br"  "Br" "sp3" }
>> 	{ "I"   "I"  "sp3" }
>> }
>> #
>> #	Load the main parameter set.
>> #
>> parm10 = loadamberparams parm10.dat
Loading parameters: /home/ac606264/soft/amber16//dat/leap/parm/parm10.dat
Reading title:
PARM99 + frcmod.ff99SB + frcmod.parmbsc0 + OL3 for RNA
(UNKNOWN ATOM TYPE: Zn)
(UNKNOWN ATOM TYPE: EP)
>> frcmod14SB = loadamberparams frcmod.ff14SB
Loading parameters: /home/ac606264/soft/amber16//dat/leap/parm/frcmod.ff14SB
Reading force field modification type file (frcmod)
Reading title:
ff14SB protein backbone and sidechain parameters
>> #
>> #	Load main chain and terminating amino acid libraries
>> #
>> loadOff amino12.lib
Loading library: /home/ac606264/soft/amber16//dat/leap/lib/amino12.lib
Loading: ALA
Loading: ARG
Loading: ASH
Loading: ASN
Loading: ASP
Loading: CYM
Loading: CYS
Loading: CYX
Loading: GLH
Loading: GLN
Loading: GLU
Loading: GLY
Loading: HID
Loading: HIE
Loading: HIP
Loading: HYP
Loading: ILE
Loading: LEU
Loading: LYN
Loading: LYS
Loading: MET
Loading: PHE
Loading: PRO
Loading: SER
Loading: THR
Loading: TRP
Loading: TYR
Loading: VAL
>> loadOff aminoct12.lib
Loading library: /home/ac606264/soft/amber16//dat/leap/lib/aminoct12.lib
Loading: CALA
Loading: CARG
Loading: CASN
Loading: CASP
Loading: CCYS
Loading: CCYX
Loading: CGLN
Loading: CGLU
Loading: CGLY
Loading: CHID
Loading: CHIE
Loading: CHIP
Loading: CHYP
Loading: CILE
Loading: CLEU
Loading: CLYS
Loading: CMET
Loading: CPHE
Loading: CPRO
Loading: CSER
Loading: CTHR
Loading: CTRP
Loading: CTYR
Loading: CVAL
Loading: NHE
Loading: NME
>> loadOff aminont12.lib
Loading library: /home/ac606264/soft/amber16//dat/leap/lib/aminont12.lib
Loading: ACE
Loading: NALA
Loading: NARG
Loading: NASN
Loading: NASP
Loading: NCYS
Loading: NCYX
Loading: NGLN
Loading: NGLU
Loading: NGLY
Loading: NHID
Loading: NHIE
Loading: NHIP
Loading: NILE
Loading: NLEU
Loading: NLYS
Loading: NMET
Loading: NPHE
Loading: NPRO
Loading: NSER
Loading: NTHR
Loading: NTRP
Loading: NTYR
Loading: NVAL
>> 
>> #
>> #	Define the PDB name map for the amino acids
>> #
>> addPdbResMap {
>>   { 0 "HYP" "NHYP" } { 1 "HYP" "CHYP" }
>>   { 0 "ALA" "NALA" } { 1 "ALA" "CALA" }
>>   { 0 "ARG" "NARG" } { 1 "ARG" "CARG" }
>>   { 0 "ASN" "NASN" } { 1 "ASN" "CASN" }
>>   { 0 "ASP" "NASP" } { 1 "ASP" "CASP" }
>>   { 0 "CYS" "NCYS" } { 1 "CYS" "CCYS" }
>>   { 0 "CYX" "NCYX" } { 1 "CYX" "CCYX" }
>>   { 0 "GLN" "NGLN" } { 1 "GLN" "CGLN" }
>>   { 0 "GLU" "NGLU" } { 1 "GLU" "CGLU" }
>>   { 0 "GLY" "NGLY" } { 1 "GLY" "CGLY" }
>>   { 0 "HID" "NHID" } { 1 "HID" "CHID" }
>>   { 0 "HIE" "NHIE" } { 1 "HIE" "CHIE" }
>>   { 0 "HIP" "NHIP" } { 1 "HIP" "CHIP" }
>>   { 0 "ILE" "NILE" } { 1 "ILE" "CILE" }
>>   { 0 "LEU" "NLEU" } { 1 "LEU" "CLEU" }
>>   { 0 "LYS" "NLYS" } { 1 "LYS" "CLYS" }
>>   { 0 "MET" "NMET" } { 1 "MET" "CMET" }
>>   { 0 "PHE" "NPHE" } { 1 "PHE" "CPHE" }
>>   { 0 "PRO" "NPRO" } { 1 "PRO" "CPRO" }
>>   { 0 "SER" "NSER" } { 1 "SER" "CSER" }
>>   { 0 "THR" "NTHR" } { 1 "THR" "CTHR" }
>>   { 0 "TRP" "NTRP" } { 1 "TRP" "CTRP" }
>>   { 0 "TYR" "NTYR" } { 1 "TYR" "CTYR" }
>>   { 0 "VAL" "NVAL" } { 1 "VAL" "CVAL" }
>>   { 0 "HIS" "NHIS" } { 1 "HIS" "CHIS" }
>> }
>> 
>> #
>> # assume that most often proteins use HIE
>> #
>> NHIS = NHIE
>> HIS = HIE
>> CHIS = CHIE
> 
> loadamberparams  frcmod.ionsjc_tip3p
Loading parameters: /home/ac606264/soft/amber16//dat/leap/parm/frcmod.ionsjc_tip3p
Reading force field modification type file (frcmod)
Reading title:
Monovalent ion parameters for Ewald and TIP3P water from Joung & Cheatham JPCB (2008)
(UNKNOWN ATOM TYPE: Li+)
(UNKNOWN ATOM TYPE: Na+)
(UNKNOWN ATOM TYPE: K+)
(UNKNOWN ATOM TYPE: Rb+)
(UNKNOWN ATOM TYPE: Cs+)
(UNKNOWN ATOM TYPE: F-)
(UNKNOWN ATOM TYPE: Cl-)
(UNKNOWN ATOM TYPE: Br-)
(UNKNOWN ATOM TYPE: I-)
> loadamberparams  frcmod.ionslm_1264_tip3p
Could not open file frcmod.ionslm_1264_tip3p: not found
> prot = loadpdb 5pti.pqr
Loading PDB file: ./5pti.pqr
Enter zPdbReadScan from call depth  0.
Exit  zPdbReadScan from call depth  0.
Matching PDB residue names to LEaP variables.
Mapped residue ARG, term: Terminal/beginning, seq. number: 0 to: NARG.
(Residue 1: PRO, Nonterminal, was not found in name map.)
(Residue 2: ASP, Nonterminal, was not found in name map.)
(Residue 3: PHE, Nonterminal, was not found in name map.)
(Residue 4: CYX, Nonterminal, was not found in name map.)
(Residue 5: LEU, Nonterminal, was not found in name map.)
(Residue 6: GLU, Nonterminal, was not found in name map.)
(Residue 7: PRO, Nonterminal, was not found in name map.)
(Residue 8: PRO, Nonterminal, was not found in name map.)
(Residue 9: TYR, Nonterminal, was not found in name map.)
(Residue 10: THR, Nonterminal, was not found in name map.)
(Residue 11: GLY, Nonterminal, was not found in name map.)
(Residue 12: PRO, Nonterminal, was not found in name map.)
(Residue 13: CYX, Nonterminal, was not found in name map.)
(Residue 14: LYS, Nonterminal, was not found in name map.)
(Residue 15: ALA, Nonterminal, was not found in name map.)
(Residue 16: ARG, Nonterminal, was not found in name map.)
(Residue 17: ILE, Nonterminal, was not found in name map.)
(Residue 18: ILE, Nonterminal, was not found in name map.)
(Residue 19: ARG, Nonterminal, was not found in name map.)
(Residue 20: TYR, Nonterminal, was not found in name map.)
(Residue 21: PHE, Nonterminal, was not found in name map.)
(Residue 22: TYR, Nonterminal, was not found in name map.)
(Residue 23: ASN, Nonterminal, was not found in name map.)
(Residue 24: ALA, Nonterminal, was not found in name map.)
(Residue 25: LYS, Nonterminal, was not found in name map.)
(Residue 26: ALA, Nonterminal, was not found in name map.)
(Residue 27: GLY, Nonterminal, was not found in name map.)
(Residue 28: LEU, Nonterminal, was not found in name map.)
(Residue 29: CYX, Nonterminal, was not found in name map.)
(Residue 30: GLN, Nonterminal, was not found in name map.)
(Residue 31: THR, Nonterminal, was not found in name map.)
(Residue 32: PHE, Nonterminal, was not found in name map.)
(Residue 33: VAL, Nonterminal, was not found in name map.)
(Residue 34: TYR, Nonterminal, was not found in name map.)
(Residue 35: GLY, Nonterminal, was not found in name map.)
(Residue 36: GLY, Nonterminal, was not found in name map.)
(Residue 37: CYX, Nonterminal, was not found in name map.)
(Residue 38: ARG, Nonterminal, was not found in name map.)
(Residue 39: ALA, Nonterminal, was not found in name map.)
(Residue 40: LYS, Nonterminal, was not found in name map.)
(Residue 41: ARG, Nonterminal, was not found in name map.)
(Residue 42: ASN, Nonterminal, was not found in name map.)
(Residue 43: ASN, Nonterminal, was not found in name map.)
(Residue 44: PHE, Nonterminal, was not found in name map.)
(Residue 45: LYS, Nonterminal, was not found in name map.)
(Residue 46: SER, Nonterminal, was not found in name map.)
(Residue 47: ALA, Nonterminal, was not found in name map.)
(Residue 48: GLU, Nonterminal, was not found in name map.)
(Residue 49: ASP, Nonterminal, was not found in name map.)
(Residue 50: CYX, Nonterminal, was not found in name map.)
(Residue 51: MET, Nonterminal, was not found in name map.)
(Residue 52: ARG, Nonterminal, was not found in name map.)
(Residue 53: THR, Nonterminal, was not found in name map.)
(Residue 54: CYX, Nonterminal, was not found in name map.)
(Residue 55: GLY, Nonterminal, was not found in name map.)
(Residue 56: GLY, Nonterminal, was not found in name map.)
Mapped residue ALA, term: Terminal/last, seq. number: 57 to: CALA.
Joining NARG - PRO
Joining PRO - ASP
Joining ASP - PHE
Joining PHE - CYX
Joining CYX - LEU
Joining LEU - GLU
Joining GLU - PRO
Joining PRO - PRO
Joining PRO - TYR
Joining TYR - THR
Joining THR - GLY
Joining GLY - PRO
Joining PRO - CYX
Joining CYX - LYS
Joining LYS - ALA
Joining ALA - ARG
Joining ARG - ILE
Joining ILE - ILE
Joining ILE - ARG
Joining ARG - TYR
Joining TYR - PHE
Joining PHE - TYR
Joining TYR - ASN
Joining ASN - ALA
Joining ALA - LYS
Joining LYS - ALA
Joining ALA - GLY
Joining GLY - LEU
Joining LEU - CYX
Joining CYX - GLN
Joining GLN - THR
Joining THR - PHE
Joining PHE - VAL
Joining VAL - TYR
Joining TYR - GLY
Joining GLY - GLY
Joining GLY - CYX
Joining CYX - ARG
Joining ARG - ALA
Joining ALA - LYS
Joining LYS - ARG
Joining ARG - ASN
Joining ASN - ASN
Joining ASN - PHE
Joining PHE - LYS
Joining LYS - SER
Joining SER - ALA
Joining ALA - GLU
Joining GLU - ASP
Joining ASP - CYX
Joining CYX - MET
Joining MET - ARG
Joining ARG - THR
Joining THR - CYX
Joining CYX - GLY
Joining GLY - GLY
Joining GLY - CALA
  total atoms in file: 892
> saveamberparm prot complex.prmtop complex.inpcrd
Checking Unit.
WARNING: The unperturbed charge of the unit: 6.000000 is not zero.

 -- ignoring the warning.

Building topology.
Building atom parameters.
Building bond parameters.
Building angle parameters.
Building proper torsion parameters.
Building improper torsion parameters.
 total 199 improper torsions applied
Building H-Bond parameters.
Incorporating Non-Bonded adjustments.
Not Marking per-residue atom chain types.
Marking per-residue atom chain types.
  (Residues lacking connect0/connect1 - 
   these don't have chain types marked:

	res	total affected

	CALA	1
	NARG	1
  )
 (no restraints)
> savepdb prot complex.pdb
Writing pdb file: complex.pdb
 Converting N-terminal residue name to PDB format: NARG -> ARG
 Converting C-terminal residue name to PDB format: CALA -> ALA
> quit
	Quit
